<?xml version="1.0" encoding="UTF-8"?>
<!-- Generated by org.testng.reporters.JUnitReportReporter -->
<testsuite hostname="DESKTOP-GOV41DI" failures="0" tests="1" name="script.DemoTest" time="10.553" errors="0" timestamp="2023-10-06T23:32:28 IST" skipped="0">
  <testcase classname="script.DemoTest" name="demoTest1" time="10.553">
    <system-out>
      <![CDATA[test data:admin
Google]]>
    </system-out>
  </testcase> <!-- demoTest1 -->
  <system-out>
    <![CDATA[Execution in local system
Browser is: chrome
test data:admin
Google]]>
  </system-out>
</testsuite> <!-- script.DemoTest -->
